5 % for training
start training...
43902
finished training...
==========
start testing...
stats: 824326 out of 834147
accuracy 0.988226295845
finished test...
==========
10 % for training
start training...
87804
finished training...
==========
start testing...
stats: 780711 out of 790245
accuracy 0.987935387127
finished test...
==========
15 % for training
start training...
131707
finished training...
==========
start testing...
stats: 737568 out of 746342
accuracy 0.98824399538
finished test...
==========
20 % for training
start training...
175609
finished training...
==========
start testing...
stats: 694198 out of 702440
accuracy 0.988266613519
finished test...
==========
25 % for training
start training...
219512
finished training...
==========
start testing...
stats: 650884 out of 658537
accuracy 0.988378785095
finished test...
==========
30 % for training
start training...
263414
finished training...
==========
start testing...
stats: 607499 out of 614635
accuracy 0.988389857395
finished test...
==========
35 % for training
start training...
307317
finished training...
==========
start testing...
stats: 564137 out of 570732
accuracy 0.988444664045
finished test...
==========
40 % for training
start training...
351219
finished training...
==========
start testing...
stats: 520767 out of 526830
accuracy 0.988491543762
finished test...
==========
45 % for training
start training...
395122
finished training...
==========
start testing...
stats: 477418 out of 482927
accuracy 0.98859247878
finished test...
==========
50 % for training
start training...
439024
finished training...
==========
start testing...
stats: 434019 out of 439025
accuracy 0.988597460281
finished test...
==========
55 % for training
start training...
482926
finished training...
==========
start testing...
stats: 390622 out of 395123
accuracy 0.988608610483
finished test...
==========
60 % for training
start training...
526829
finished training...
==========
start testing...
stats: 347138 out of 351220
accuracy 0.988377655031
finished test...
==========
65 % for training
start training...
570731
finished training...
==========
start testing...
stats: 303801 out of 307318
accuracy 0.988555828165
finished test...
==========
70 % for training
start training...
614634
finished training...
==========
start testing...
stats: 260394 out of 263415
accuracy 0.988531404817
finished test...
==========
75 % for training
start training...
658536
finished training...
==========
start testing...
stats: 216998 out of 219513
accuracy 0.988542819787
finished test...
==========
80 % for training
start training...
702439
finished training...
==========
start testing...
stats: 173578 out of 175610
accuracy 0.98842890496
finished test...
==========
85 % for training
start training...
746341
finished training...
==========
start testing...
stats: 130154 out of 131708
accuracy 0.98820117229
finished test...
==========
90 % for training
start training...
790244
finished training...
==========
start testing...
stats: 86784 out of 87805
accuracy 0.988371960594
finished test...
==========
95 % for training
start training...
834146
finished training...
==========
start testing...
stats: 43386 out of 43903
accuracy 0.988224039359
finished test...
==========
[43902, 87804, 131707, 175609, 219512, 263414, 307317, 351219, 395122, 439024, 482926, 526829, 570731, 614634, 658536, 702439, 746341, 790244, 834146]
[43902, 87804, 131707, 175609, 219512, 263414, 307317, 351219, 395122, 439024, 482926, 526829, 570731, 614634, 658536, 702439, 746341, 790244, 834146]
[43902, 87804, 131707, 175609, 219512, 263414, 307317, 351219, 395122, 439024, 482926, 526829, 570731, 614634, 658536, 702439, 746341, 790244, 834146]
[0.9882262958447371, 0.9879353871267771, 0.9882439953801341, 0.9882666135185922, 0.988378785094839, 0.9883898573950394, 0.9884446640454715, 0.9884915437617448, 0.9885924787804367, 0.9885974602813051, 0.9886086104833178, 0.9883776550310346, 0.9885558281649628, 0.9885314048174932, 0.9885428197874385, 0.9884289049598541, 0.9882011722902178, 0.9883719605944992, 0.9882240393594971]
[0.9869349040100867, 0.9883497857957858, 0.9889004714458361, 0.988848654776073, 0.9897703044827989, 0.9901773423077374, 0.9901748867685427, 0.9900830287744191, 0.9901077302105075, 0.9903629631255789, 0.9904273257364153, 0.9902743889943386, 0.9905375010681179, 0.9908392671489293, 0.9909451361536672, 0.9904403094491355, 0.9903359225238263, 0.9903134985285957, 0.9908123701868565]
[0.863829590057597, 0.8672974284476727, 0.8927453237686328, 0.8930758336071947, 0.8947745669589743, 0.8944235087675287, 0.8947576523678356, 0.8955002516887572, 0.9023621420876117, 0.9040707072196764, 0.9100046483231993, 0.9081308032972372, 0.9089040765507383, 0.9072601338956503, 0.9071918748840352, 0.9067396478378436, 0.9087083314689965, 0.911792272405186, 0.9257614506619288]
